[debug] ----------------------------------------------------------------------
[debug] Command:      /usr/bin/nodejs /usr/bin/firebase deploy
[debug] CLI Version:  3.6.1
[debug] Platform:     linux
[debug] Node Version: v7.8.0
[debug] Time:         Mon Apr 24 2017 10:12:40 GMT+0530 (IST)
[debug] ----------------------------------------------------------------------
[debug] 
[debug] > command requires scopes: ["email","openid","https://www.googleapis.com/auth/cloudplatformprojects.readonly","https://www.googleapis.com/auth/firebase","https://www.googleapis.com/auth/cloud-platform"]
[debug] >>> HTTP REQUEST GET https://admin.firebase.com/v1/projects/fir-auth-9e0d9  
 Mon Apr 24 2017 10:12:40 GMT+0530 (IST)
[debug] <<< HTTP RESPONSE 200
[debug] >>> HTTP REQUEST GET https://admin.firebase.com/v1/database/fir-auth-9e0d9/tokens  
 Mon Apr 24 2017 10:12:42 GMT+0530 (IST)
[debug] <<< HTTP RESPONSE 200
[info] 
[info] === Deploying to 'fir-auth-9e0d9'...
[info] 
[info] i  deploying database, functions, hosting
[info] ✔  database: rules ready to deploy.
[debug] > [functions] package.json contents: {
  "name": "functions",
  "description": "Cloud Functions for Firebase",
  "dependencies": {
    "firebase-admin": "~4.1.2",
    "firebase-functions": "^0.5"
  },
  "private": true
}
[info] i  functions: ensuring necessary APIs are enabled...
[info] i  runtimeconfig: ensuring necessary APIs are enabled...
[debug] >>> HTTP REQUEST GET https://servicemanagement.googleapis.com/v1/services/cloudfunctions.googleapis.com/projectSettings/fir-auth-9e0d9?view=CONSUMER_VIEW  
 Mon Apr 24 2017 10:12:46 GMT+0530 (IST)
[debug] >>> HTTP REQUEST GET https://servicemanagement.googleapis.com/v1/services/runtimeconfig.googleapis.com/projectSettings/fir-auth-9e0d9?view=CONSUMER_VIEW  
 Mon Apr 24 2017 10:12:46 GMT+0530 (IST)
[debug] <<< HTTP RESPONSE 200
[info] ✔  runtimeconfig: all necessary APIs are enabled
[debug] <<< HTTP RESPONSE 200
[info] ✔  functions: all necessary APIs are enabled
[debug] >>> HTTP REQUEST GET https://appengine.googleapis.com/v1/apps/fir-auth-9e0d9  
 Mon Apr 24 2017 10:12:50 GMT+0530 (IST)
[debug] >>> HTTP REQUEST GET https://apikeys.googleapis.com/v1/projects/fir-auth-9e0d9/apiKeys  
 Mon Apr 24 2017 10:12:50 GMT+0530 (IST)
[debug] <<< HTTP RESPONSE 200
[debug] <<< HTTP RESPONSE 200
[info] i  functions: preparing functions directory for uploading...
[debug] >>> HTTP REQUEST GET https://runtimeconfig.googleapis.com/v1beta1/projects/fir-auth-9e0d9/configs  
 Mon Apr 24 2017 10:12:59 GMT+0530 (IST)
[debug] <<< HTTP RESPONSE 200
[debug] > [functions] runtime config materialized as: {
  "firebase": {
    "databaseURL": "https://fir-auth-9e0d9.firebaseio.com",
    "storageBucket": "fir-auth-9e0d9.appspot.com",
    "apiKey": "AIzaSyCHbVgoi43xekKnFtwdnwkPgry5QA7Kayw",
    "authDomain": "fir-auth-9e0d9.firebaseapp.com"
  }
}
[debug] > [functions] parsed triggers: []
[info] i  hosting: preparing dist directory for upload...
[debug] >>> HTTP REQUEST PUT https://deploy.firebase.com/v1/hosting/fir-auth-9e0d9/uploads/-KiTGEr0WOh9Sw8CtXay?fileCount=166&message=  
 Mon Apr 24 2017 10:13:04 GMT+0530 (IST)
[debug] <<< HTTP RESPONSE 200
[debug] [hosting] .tgz uploaded successfully, waiting for extraction
[info] ✔  hosting: 166 files uploaded successfully
[info] i  starting release process (may take several minutes)...
[debug] >>> HTTP REQUEST GET https://cloudfunctions.googleapis.com/v1beta2/projects/fir-auth-9e0d9/locations/us-central1/functions  
 Mon Apr 24 2017 10:15:10 GMT+0530 (IST)
